#
# There is insufficient memory for the Java Runtime Environment to continue.
# Native memory allocation (mmap) failed to map 69206016 bytes. Error detail: G1 virtual space
# Possible reasons:
#   The system is out of physical RAM or swap space
#   This process is running with CompressedOops enabled, and the Java Heap may be blocking the growth of the native heap
# Possible solutions:
#   Reduce memory load on the system
#   Increase physical memory or swap space
#   Check if swap backing store is full
#   Decrease Java heap size (-Xmx/-Xms)
#   Decrease number of Java threads
#   Decrease Java thread stack sizes (-Xss)
#   Set larger code cache with -XX:ReservedCodeCacheSize=
#   JVM is running with Zero Based Compressed Oops mode in which the Java heap is
#     placed in the first 32GB address space. The Java Heap base address is the
#     maximum limit for the native heap growth. Please use -XX:HeapBaseMinAddress
#     to set the Java Heap base and to place the Java Heap above 32GB virtual address.
# This output file may be truncated or incomplete.
#
#  Out of Memory Error (os_windows.cpp:3898), pid=20856, tid=21732
#
# JRE version: OpenJDK Runtime Environment (21.0.6) (build 21.0.6+-13391695-b895.109)
# Java VM: OpenJDK 64-Bit Server VM (21.0.6+-13391695-b895.109, mixed mode, tiered, compressed oops, compressed class ptrs, g1 gc, windows-amd64)
# No core dump will be written. Minidumps are not enabled by default on client versions of Windows
#

---------------  S U M M A R Y ------------

Command Line: org.jetbrains.kotlin.cli.jvm.K2JVMCompiler @D:\KELAS-XI\Tugas Video\PROJECT PELATIHAN JETPACK COMPOSE\Aplikasi Monitoring Kelas\AplikasiMonitoringKelasFe\app\build\20251112_2455447652109021329.compiler.options

Host: AMD Ryzen 7 7735HS with Radeon Graphics        , 16 cores, 13G,  Windows 11 , 64 bit Build 26100 (10.0.26100.6725)
Time: Wed Nov 12 07:33:57 2025 SE Asia Standard Time elapsed time: 17.503676 seconds (0d 0h 0m 17s)

---------------  T H R E A D  ---------------

Current thread (0x0000021fb46178e0):  VMThread "VM Thread"          [id=21732, stack(0x0000006c7a100000,0x0000006c7a200000) (1024K)]

Stack: [0x0000006c7a100000,0x0000006c7a200000]
Native frames: (J=compiled Java code, j=interpreted, Vv=VM code, C=native code)
V  [jvm.dll+0x6d0639]
V  [jvm.dll+0x85eb03]
V  [jvm.dll+0x86105e]
V  [jvm.dll+0x861743]
V  [jvm.dll+0x27e6e6]
V  [jvm.dll+0x6ccfd5]
V  [jvm.dll+0x6c0a8a]
V  [jvm.dll+0x35537b]
V  [jvm.dll+0x35cfd6]
V  [jvm.dll+0x3aef86]
V  [jvm.dll+0x3af258]
V  [jvm.dll+0x327a2c]
V  [jvm.dll+0x32a436]
V  [jvm.dll+0x33438d]
V  [jvm.dll+0x36ba15]
V  [jvm.dll+0x8674c8]
V  [jvm.dll+0x868844]
V  [jvm.dll+0x868d80]
V  [jvm.dll+0x869013]
V  [jvm.dll+0x806ed8]
V  [jvm.dll+0x6cef0d]
C  [ucrtbase.dll+0x37b0]
C  [KERNEL32.DLL+0x2e8d7]
C  [ntdll.dll+0x8c53c]

VM_Operation (0x0000006c79cff4a0): G1PauseRemark, mode: safepoint, requested by thread 0x0000021f9ad75d00


---------------  P R O C E S S  ---------------

Threads class SMR info:
_java_thread_list=0x0000021fbc17d1a0, length=17, elements={
0x0000021f9ad098b0, 0x0000021fb90ade40, 0x0000021fb90ae6a0, 0x0000021fb90c32a0,
0x0000021fb90cdc60, 0x0000021fb90d32e0, 0x0000021fb90d3940, 0x0000021fb90d3fa0,
0x0000021fb90eca40, 0x0000021fb45ddbc0, 0x0000021fb927bd30, 0x0000021fb927e3e0,
0x0000021fb93357a0, 0x0000021fb95741b0, 0x0000021fb98b6560, 0x0000021fc0209370,
0x0000021fc020a370
}

Java Threads: ( => current thread )
  0x0000021f9ad098b0 JavaThread "main"                              [_thread_blocked, id=9260, stack(0x0000006c79a00000,0x0000006c79b00000) (1024K)]
  0x0000021fb90ade40 JavaThread "Reference Handler"          daemon [_thread_blocked, id=1636, stack(0x0000006c7a200000,0x0000006c7a300000) (1024K)]
  0x0000021fb90ae6a0 JavaThread "Finalizer"                  daemon [_thread_blocked, id=7028, stack(0x0000006c7a300000,0x0000006c7a400000) (1024K)]
  0x0000021fb90c32a0 JavaThread "Signal Dispatcher"          daemon [_thread_blocked, id=8672, stack(0x0000006c7a400000,0x0000006c7a500000) (1024K)]
  0x0000021fb90cdc60 JavaThread "Attach Listener"            daemon [_thread_blocked, id=19132, stack(0x0000006c7a500000,0x0000006c7a600000) (1024K)]
  0x0000021fb90d32e0 JavaThread "Service Thread"             daemon [_thread_blocked, id=20144, stack(0x0000006c7a600000,0x0000006c7a700000) (1024K)]
  0x0000021fb90d3940 JavaThread "Monitor Deflation Thread"   daemon [_thread_blocked, id=20464, stack(0x0000006c7a700000,0x0000006c7a800000) (1024K)]
  0x0000021fb90d3fa0 JavaThread "C2 CompilerThread0"         daemon [_thread_blocked, id=22500, stack(0x0000006c7a800000,0x0000006c7a900000) (1024K)]
  0x0000021fb90eca40 JavaThread "C1 CompilerThread0"         daemon [_thread_blocked, id=2144, stack(0x0000006c7a900000,0x0000006c7aa00000) (1024K)]
  0x0000021fb45ddbc0 JavaThread "C1 CompilerThread1"         daemon [_thread_blocked, id=23240, stack(0x0000006c7aa00000,0x0000006c7ab00000) (1024K)]
  0x0000021fb927bd30 JavaThread "Notification Thread"        daemon [_thread_blocked, id=19208, stack(0x0000006c7ab00000,0x0000006c7ac00000) (1024K)]
  0x0000021fb927e3e0 JavaThread "Common-Cleaner"             daemon [_thread_blocked, id=1932, stack(0x0000006c7ac00000,0x0000006c7ad00000) (1024K)]
  0x0000021fb93357a0 JavaThread "C2 CompilerThread1"         daemon [_thread_blocked, id=4560, stack(0x0000006c7ad00000,0x0000006c7ae00000) (1024K)]
  0x0000021fb95741b0 JavaThread "C1 CompilerThread2"         daemon [_thread_blocked, id=22060, stack(0x0000006c7af00000,0x0000006c7b000000) (1024K)]
  0x0000021fb98b6560 JavaThread "C1 CompilerThread3"         daemon [_thread_blocked, id=18140, stack(0x0000006c7b000000,0x0000006c7b100000) (1024K)]
  0x0000021fc0209370 JavaThread "C2 CompilerThread2"         daemon [_thread_blocked, id=14616, stack(0x0000006c7bd00000,0x0000006c7be00000) (1024K)]
  0x0000021fc020a370 JavaThread "C2 CompilerThread3"         daemon [_thread_blocked, id=16832, stack(0x0000006c7be00000,0x0000006c7bf00000) (1024K)]
Total: 17

Other Threads:
=>0x0000021fb46178e0 VMThread "VM Thread"                           [id=21732, stack(0x0000006c7a100000,0x0000006c7a200000) (1024K)]
  0x0000021fb45dd620 WatcherThread "VM Periodic Task Thread"        [id=3316, stack(0x0000006c7a000000,0x0000006c7a100000) (1024K)]
  0x0000021f9ad66910 WorkerThread "GC Thread#0"                     [id=21976, stack(0x0000006c79b00000,0x0000006c79c00000) (1024K)]
  0x0000021fb9a361a0 WorkerThread "GC Thread#1"                     [id=464, stack(0x0000006c7b100000,0x0000006c7b200000) (1024K)]
  0x0000021fb9a36540 WorkerThread "GC Thread#2"                     [id=21564, stack(0x0000006c7b200000,0x0000006c7b300000) (1024K)]
  0x0000021fb9a368e0 WorkerThread "GC Thread#3"                     [id=17992, stack(0x0000006c7b300000,0x0000006c7b400000) (1024K)]
  0x0000021fb9a326b0 WorkerThread "GC Thread#4"                     [id=21100, stack(0x0000006c7b400000,0x0000006c7b500000) (1024K)]
  0x0000021fb9c1f040 WorkerThread "GC Thread#5"                     [id=2836, stack(0x0000006c7ae00000,0x0000006c7af00000) (1024K)]
  0x0000021fb9c1e900 WorkerThread "GC Thread#6"                     [id=22540, stack(0x0000006c7b500000,0x0000006c7b600000) (1024K)]
  0x0000021fb9c1f780 WorkerThread "GC Thread#7"                     [id=8356, stack(0x0000006c7b600000,0x0000006c7b700000) (1024K)]
  0x0000021fba288080 WorkerThread "GC Thread#8"                     [id=4892, stack(0x0000006c7bb00000,0x0000006c7bc00000) (1024K)]
  0x0000021fba2899e0 WorkerThread "GC Thread#9"                     [id=4128, stack(0x0000006c7bc00000,0x0000006c7bd00000) (1024K)]
  0x0000021fba288b60 WorkerThread "GC Thread#10"                    [id=3136, stack(0x0000006c7b900000,0x0000006c7ba00000) (1024K)]
  0x0000021fc001fdb0 WorkerThread "GC Thread#11"                    [id=18292, stack(0x0000006c7ba00000,0x0000006c7bb00000) (1024K)]
  0x0000021fbba263d0 WorkerThread "GC Thread#12"                    [id=22344, stack(0x0000006c7c100000,0x0000006c7c200000) (1024K)]
  0x0000021f9ad75d00 ConcurrentGCThread "G1 Main Marker"            [id=11036, stack(0x0000006c79c00000,0x0000006c79d00000) (1024K)]
  0x0000021f9ad784f0 WorkerThread "G1 Conc#0"                       [id=14056, stack(0x0000006c79d00000,0x0000006c79e00000) (1024K)]
  0x0000021fb9c1fb20 WorkerThread "G1 Conc#1"                       [id=23148, stack(0x0000006c7b700000,0x0000006c7b800000) (1024K)]
  0x0000021fb9c1eca0 WorkerThread "G1 Conc#2"                       [id=17676, stack(0x0000006c7b800000,0x0000006c7b900000) (1024K)]
  0x0000021fb44b4070 ConcurrentGCThread "G1 Refine#0"               [id=21024, stack(0x0000006c79e00000,0x0000006c79f00000) (1024K)]
  0x0000021fb44b55b0 ConcurrentGCThread "G1 Service"                [id=12048, stack(0x0000006c79f00000,0x0000006c7a000000) (1024K)]
Total: 21

Threads with active compile tasks:
C2 CompilerThread2  17527 19874   !   4       java.util.regex.Pattern::matcher (44 bytes)
C2 CompilerThread3  17527 21070   !   4       androidx.compose.compiler.plugins.kotlin.lower.ComposableFunctionBodyTransformer::visitCall (239 bytes)
Total: 2

VM state: at safepoint (normal execution)

VM Mutex/Monitor currently owned by a thread:  ([mutex/lock_event])
[0x00007ff934eee3a0] Threads_lock - owner thread: 0x0000021fb46178e0
[0x00007ff934eee4a0] Heap_lock - owner thread: 0x0000021f9ad75d00

Heap address: 0x0000000724000000, size: 3520 MB, Compressed Oops mode: Zero based, Oop shift amount: 3

CDS archive(s) not mapped
Compressed class space mapped at: 0x0000000800000000-0x0000000840000000, reserved size: 1073741824
Narrow klass base: 0x0000000800000000, Narrow klass shift: 0, Narrow klass range: 0x40000000

GC Precious Log:
 CardTable entry size: 512
 Card Set container configuration: InlinePtr #cards 4 size 8 Array Of Cards #cards 16 size 48 Howl #buckets 8 coarsen threshold 3686 Howl Bitmap #cards 512 size 80 coarsen threshold 460 Card regions per heap region 1 cards per card region 4096
 CPUs: 16 total, 16 available
 Memory: 14077M
 Large Page Support: Disabled
 NUMA Support: Disabled
 Compressed Oops: Enabled (Zero based)
 Heap Region Size: 2M
 Heap Min Capacity: 8M
 Heap Initial Capacity: 220M
 Heap Max Capacity: 3520M
 Pre-touch: Disabled
 Parallel Workers: 13
 Concurrent Workers: 3
 Concurrent Refinement Workers: 13
 Periodic GC: Disabled

Heap:
 garbage-first heap   total 315392K, used 234743K [0x0000000724000000, 0x0000000800000000)
  region size 2048K, 7 young (14336K), 3 survivors (6144K)
 Metaspace       used 85568K, committed 85952K, reserved 1179648K
  class space    used 8599K, committed 8768K, reserved 1048576K

Heap Regions: E=young(eden), S=young(survivor), O=old, HS=humongous(starts), HC=humongous(continues), CS=collection set, F=free, TAMS=top-at-mark-start, PB=parsable bottom
|   0|0x0000000724000000, 0x0000000724200000, 0x0000000724200000|100%|HS|  |TAMS 0x0000000724200000| PB 0x0000000724000000| Complete 
|   1|0x0000000724200000, 0x0000000724400000, 0x0000000724400000|100%|HC|  |TAMS 0x0000000724400000| PB 0x0000000724200000| Complete 
|   2|0x0000000724400000, 0x0000000724600000, 0x0000000724600000|100%| O|  |TAMS 0x0000000724600000| PB 0x0000000724600000| Untracked 
|   3|0x0000000724600000, 0x0000000724800000, 0x0000000724800000|100%| O|  |TAMS 0x0000000724800000| PB 0x0000000724800000| Untracked 
|   4|0x0000000724800000, 0x0000000724a00000, 0x0000000724a00000|100%| O|  |TAMS 0x0000000724a00000| PB 0x0000000724a00000| Untracked 
|   5|0x0000000724a00000, 0x0000000724c00000, 0x0000000724c00000|100%| O|  |TAMS 0x0000000724c00000| PB 0x0000000724c00000| Untracked 
|   6|0x0000000724c00000, 0x0000000724e00000, 0x0000000724e00000|100%| O|  |TAMS 0x0000000724e00000| PB 0x0000000724e00000| Untracked 
|   7|0x0000000724e00000, 0x0000000725000000, 0x0000000725000000|100%| O|  |TAMS 0x0000000725000000| PB 0x0000000725000000| Updating 
|   8|0x0000000725000000, 0x00000007251e96a0, 0x0000000725200000| 95%| O|  |TAMS 0x00000007251e96a0| PB 0x00000007251e96a0| Untracked 
|   9|0x0000000725200000, 0x0000000725400000, 0x0000000725400000|100%| O|  |TAMS 0x0000000725400000| PB 0x0000000725400000| Untracked 
|  10|0x0000000725400000, 0x0000000725600000, 0x0000000725600000|100%| O|  |TAMS 0x0000000725600000| PB 0x0000000725600000| Untracked 
|  11|0x0000000725600000, 0x0000000725800000, 0x0000000725800000|100%| O|  |TAMS 0x0000000725800000| PB 0x0000000725800000| Untracked 
|  12|0x0000000725800000, 0x0000000725a00000, 0x0000000725a00000|100%| O|  |TAMS 0x0000000725a00000| PB 0x0000000725a00000| Untracked 
|  13|0x0000000725a00000, 0x0000000725c00000, 0x0000000725c00000|100%| O|  |TAMS 0x0000000725c00000| PB 0x0000000725c00000| Untracked 
|  14|0x0000000725c00000, 0x0000000725e00000, 0x0000000725e00000|100%| O|  |TAMS 0x0000000725e00000| PB 0x0000000725e00000| Untracked 
|  15|0x0000000725e00000, 0x0000000726000000, 0x0000000726000000|100%| O|  |TAMS 0x0000000726000000| PB 0x0000000726000000| Untracked 
|  16|0x0000000726000000, 0x0000000726200000, 0x0000000726200000|100%| O|  |TAMS 0x0000000726200000| PB 0x0000000726200000| Updating 
|  17|0x0000000726200000, 0x0000000726400000, 0x0000000726400000|100%| O|  |TAMS 0x0000000726400000| PB 0x0000000726400000| Untracked 
|  18|0x0000000726400000, 0x0000000726600000, 0x0000000726600000|100%| O|  |TAMS 0x0000000726600000| PB 0x0000000726600000| Untracked 
|  19|0x0000000726600000, 0x0000000726800000, 0x0000000726800000|100%| O|  |TAMS 0x0000000726800000| PB 0x0000000726800000| Untracked 
|  20|0x0000000726800000, 0x0000000726a00000, 0x0000000726a00000|100%| O|  |TAMS 0x0000000726a00000| PB 0x0000000726a00000| Untracked 
|  21|0x0000000726a00000, 0x0000000726c00000, 0x0000000726c00000|100%| O|  |TAMS 0x0000000726c00000| PB 0x0000000726c00000| Untracked 
|  22|0x0000000726c00000, 0x0000000726e00000, 0x0000000726e00000|100%| O|  |TAMS 0x0000000726e00000| PB 0x0000000726e00000| Updating 
|  23|0x0000000726e00000, 0x0000000727000000, 0x0000000727000000|100%| O|  |TAMS 0x0000000727000000| PB 0x0000000727000000| Untracked 
|  24|0x0000000727000000, 0x0000000727200000, 0x0000000727200000|100%| O|  |TAMS 0x0000000727200000| PB 0x0000000727200000| Untracked 
|  25|0x0000000727200000, 0x0000000727400000, 0x0000000727400000|100%| O|  |TAMS 0x0000000727400000| PB 0x0000000727400000| Untracked 
|  26|0x0000000727400000, 0x0000000727600000, 0x0000000727600000|100%| O|  |TAMS 0x0000000727600000| PB 0x0000000727600000| Untracked 
|  27|0x0000000727600000, 0x0000000727800000, 0x0000000727800000|100%| O|  |TAMS 0x0000000727800000| PB 0x0000000727800000| Untracked 
|  28|0x0000000727800000, 0x0000000727a00000, 0x0000000727a00000|100%| O|  |TAMS 0x0000000727a00000| PB 0x0000000727a00000| Updating 
|  29|0x0000000727a00000, 0x0000000727c00000, 0x0000000727c00000|100%| O|  |TAMS 0x0000000727c00000| PB 0x0000000727c00000| Untracked 
|  30|0x0000000727c00000, 0x0000000727e00000, 0x0000000727e00000|100%| O|  |TAMS 0x0000000727e00000| PB 0x0000000727e00000| Updating 
|  31|0x0000000727e00000, 0x0000000728000000, 0x0000000728000000|100%| O|  |TAMS 0x0000000728000000| PB 0x0000000728000000| Untracked 
|  32|0x0000000728000000, 0x0000000728200000, 0x0000000728200000|100%| O|  |TAMS 0x0000000728200000| PB 0x0000000728200000| Untracked 
|  33|0x0000000728200000, 0x0000000728400000, 0x0000000728400000|100%| O|  |TAMS 0x0000000728400000| PB 0x0000000728400000| Untracked 
|  34|0x0000000728400000, 0x0000000728600000, 0x0000000728600000|100%| O|  |TAMS 0x0000000728600000| PB 0x0000000728600000| Untracked 
|  35|0x0000000728600000, 0x0000000728800000, 0x0000000728800000|100%| O|  |TAMS 0x0000000728800000| PB 0x0000000728800000| Untracked 
|  36|0x0000000728800000, 0x0000000728a00000, 0x0000000728a00000|100%| O|  |TAMS 0x0000000728a00000| PB 0x0000000728a00000| Untracked 
|  37|0x0000000728a00000, 0x0000000728c00000, 0x0000000728c00000|100%| O|  |TAMS 0x0000000728c00000| PB 0x0000000728c00000| Updating 
|  38|0x0000000728c00000, 0x0000000728e00000, 0x0000000728e00000|100%| O|  |TAMS 0x0000000728e00000| PB 0x0000000728e00000| Updating 
|  39|0x0000000728e00000, 0x0000000729000000, 0x0000000729000000|100%| O|  |TAMS 0x0000000729000000| PB 0x0000000729000000| Untracked 
|  40|0x0000000729000000, 0x0000000729200000, 0x0000000729200000|100%| O|  |TAMS 0x0000000729200000| PB 0x0000000729200000| Untracked 
|  41|0x0000000729200000, 0x0000000729400000, 0x0000000729400000|100%| O|  |TAMS 0x0000000729400000| PB 0x0000000729400000| Updating 
|  42|0x0000000729400000, 0x0000000729600000, 0x0000000729600000|100%| O|  |TAMS 0x0000000729600000| PB 0x0000000729600000| Untracked 
|  43|0x0000000729600000, 0x0000000729800000, 0x0000000729800000|100%| O|  |TAMS 0x0000000729800000| PB 0x0000000729800000| Untracked 
|  44|0x0000000729800000, 0x0000000729a00000, 0x0000000729a00000|100%| O|  |TAMS 0x0000000729a00000| PB 0x0000000729a00000| Untracked 
|  45|0x0000000729a00000, 0x0000000729c00000, 0x0000000729c00000|100%| O|  |TAMS 0x0000000729c00000| PB 0x0000000729c00000| Untracked 
|  46|0x0000000729c00000, 0x0000000729e00000, 0x0000000729e00000|100%| O|  |TAMS 0x0000000729e00000| PB 0x0000000729e00000| Untracked 
|  47|0x0000000729e00000, 0x000000072a000000, 0x000000072a000000|100%| O|  |TAMS 0x000000072a000000| PB 0x000000072a000000| Updating 
|  48|0x000000072a000000, 0x000000072a200000, 0x000000072a200000|100%| O|  |TAMS 0x000000072a200000| PB 0x000000072a200000| Untracked 
|  49|0x000000072a200000, 0x000000072a400000, 0x000000072a400000|100%| O|  |TAMS 0x000000072a400000| PB 0x000000072a400000| Untracked 
|  50|0x000000072a400000, 0x000000072a600000, 0x000000072a600000|100%| O|  |TAMS 0x000000072a600000| PB 0x000000072a600000| Untracked 
|  51|0x000000072a600000, 0x000000072a800000, 0x000000072a800000|100%| O|  |TAMS 0x000000072a800000| PB 0x000000072a800000| Untracked 
|  52|0x000000072a800000, 0x000000072aa00000, 0x000000072aa00000|100%| O|  |TAMS 0x000000072aa00000| PB 0x000000072aa00000| Untracked 
|  53|0x000000072aa00000, 0x000000072ac00000, 0x000000072ac00000|100%| O|  |TAMS 0x000000072ac00000| PB 0x000000072ac00000| Updating 
|  54|0x000000072ac00000, 0x000000072ae00000, 0x000000072ae00000|100%| O|  |TAMS 0x000000072ae00000| PB 0x000000072ae00000| Untracked 
|  55|0x000000072ae00000, 0x000000072b000000, 0x000000072b000000|100%| O|  |TAMS 0x000000072b000000| PB 0x000000072b000000| Untracked 
|  56|0x000000072b000000, 0x000000072b200000, 0x000000072b200000|100%| O|  |TAMS 0x000000072b200000| PB 0x000000072b200000| Updating 
|  57|0x000000072b200000, 0x000000072b400000, 0x000000072b400000|100%| O|  |TAMS 0x000000072b200000| PB 0x000000072b200000| Untracked 
|  58|0x000000072b400000, 0x000000072b600000, 0x000000072b600000|100%| O|  |TAMS 0x000000072b600000| PB 0x000000072b600000| Untracked 
|  59|0x000000072b600000, 0x000000072b800000, 0x000000072b800000|100%| O|  |TAMS 0x000000072b800000| PB 0x000000072b800000| Untracked 
|  60|0x000000072b800000, 0x000000072ba00000, 0x000000072ba00000|100%| O|  |TAMS 0x000000072ba00000| PB 0x000000072ba00000| Untracked 
|  61|0x000000072ba00000, 0x000000072bc00000, 0x000000072bc00000|100%| O|  |TAMS 0x000000072bc00000| PB 0x000000072bc00000| Untracked 
|  62|0x000000072bc00000, 0x000000072be00000, 0x000000072be00000|100%| O|  |TAMS 0x000000072be00000| PB 0x000000072be00000| Untracked 
|  63|0x000000072be00000, 0x000000072c000000, 0x000000072c000000|100%| O|  |TAMS 0x000000072c000000| PB 0x000000072c000000| Untracked 
|  64|0x000000072c000000, 0x000000072c200000, 0x000000072c200000|100%| O|  |TAMS 0x000000072c200000| PB 0x000000072c200000| Untracked 
|  65|0x000000072c200000, 0x000000072c400000, 0x000000072c400000|100%| O|  |TAMS 0x000000072c400000| PB 0x000000072c400000| Untracked 
|  66|0x000000072c400000, 0x000000072c600000, 0x000000072c600000|100%| O|  |TAMS 0x000000072c600000| PB 0x000000072c600000| Untracked 
|  67|0x000000072c600000, 0x000000072c800000, 0x000000072c800000|100%| O|  |TAMS 0x000000072c800000| PB 0x000000072c800000| Updating 
|  68|0x000000072c800000, 0x000000072ca00000, 0x000000072ca00000|100%| O|  |TAMS 0x000000072ca00000| PB 0x000000072ca00000| Updating 
|  69|0x000000072ca00000, 0x000000072cc00000, 0x000000072cc00000|100%| O|  |TAMS 0x000000072cc00000| PB 0x000000072cc00000| Untracked 
|  70|0x000000072cc00000, 0x000000072ce00000, 0x000000072ce00000|100%| O|  |TAMS 0x000000072ce00000| PB 0x000000072ce00000| Updating 
|  71|0x000000072ce00000, 0x000000072d000000, 0x000000072d000000|100%| O|  |TAMS 0x000000072d000000| PB 0x000000072d000000| Untracked 
|  72|0x000000072d000000, 0x000000072d200000, 0x000000072d200000|100%| O|  |TAMS 0x000000072d200000| PB 0x000000072d200000| Untracked 
|  73|0x000000072d200000, 0x000000072d400000, 0x000000072d400000|100%| O|  |TAMS 0x000000072d400000| PB 0x000000072d400000| Untracked 
|  74|0x000000072d400000, 0x000000072d600000, 0x000000072d600000|100%| O|  |TAMS 0x000000072d600000| PB 0x000000072d600000| Untracked 
|  75|0x000000072d600000, 0x000000072d800000, 0x000000072d800000|100%| O|  |TAMS 0x000000072d800000| PB 0x000000072d800000| Untracked 
|  76|0x000000072d800000, 0x000000072da00000, 0x000000072da00000|100%| O|  |TAMS 0x000000072da00000| PB 0x000000072da00000| Untracked 
|  77|0x000000072da00000, 0x000000072dc00000, 0x000000072dc00000|100%| O|  |TAMS 0x000000072dc00000| PB 0x000000072dc00000| Untracked 
|  78|0x000000072dc00000, 0x000000072de00000, 0x000000072de00000|100%| O|  |TAMS 0x000000072de00000| PB 0x000000072de00000| Untracked 
|  79|0x000000072de00000, 0x000000072e000000, 0x000000072e000000|100%| O|  |TAMS 0x000000072e000000| PB 0x000000072e000000| Untracked 
|  80|0x000000072e000000, 0x000000072e200000, 0x000000072e200000|100%| O|  |TAMS 0x000000072e200000| PB 0x000000072e200000| Untracked 
|  81|0x000000072e200000, 0x000000072e400000, 0x000000072e400000|100%| O|  |TAMS 0x000000072e400000| PB 0x000000072e400000| Untracked 
|  82|0x000000072e400000, 0x000000072e600000, 0x000000072e600000|100%| O|  |TAMS 0x000000072e400000| PB 0x000000072e400000| Untracked 
|  83|0x000000072e600000, 0x000000072e800000, 0x000000072e800000|100%| O|  |TAMS 0x000000072e800000| PB 0x000000072e800000| Untracked 
|  84|0x000000072e800000, 0x000000072ea00000, 0x000000072ea00000|100%| O|  |TAMS 0x000000072ea00000| PB 0x000000072ea00000| Untracked 
|  85|0x000000072ea00000, 0x000000072ec00000, 0x000000072ec00000|100%| O|  |TAMS 0x000000072ec00000| PB 0x000000072ec00000| Updating 
|  86|0x000000072ec00000, 0x000000072ee00000, 0x000000072ee00000|100%| O|  |TAMS 0x000000072ee00000| PB 0x000000072ee00000| Updating 
|  87|0x000000072ee00000, 0x000000072f000000, 0x000000072f000000|100%| O|  |TAMS 0x000000072f000000| PB 0x000000072f000000| Untracked 
|  88|0x000000072f000000, 0x000000072f200000, 0x000000072f200000|100%| O|  |TAMS 0x000000072f200000| PB 0x000000072f200000| Updating 
|  89|0x000000072f200000, 0x000000072f400000, 0x000000072f400000|100%| O|  |TAMS 0x000000072f400000| PB 0x000000072f400000| Updating 
|  90|0x000000072f400000, 0x000000072f600000, 0x000000072f600000|100%| O|  |TAMS 0x000000072f600000| PB 0x000000072f600000| Updating 
|  91|0x000000072f600000, 0x000000072f600000, 0x000000072f800000|  0%| F|  |TAMS 0x000000072f600000| PB 0x000000072f600000| Untracked 
|  92|0x000000072f800000, 0x000000072f800000, 0x000000072fa00000|  0%| F|  |TAMS 0x000000072f800000| PB 0x000000072f800000| Untracked 
|  93|0x000000072fa00000, 0x000000072fc00000, 0x000000072fc00000|100%| O|  |TAMS 0x000000072fc00000| PB 0x000000072fc00000| Updating 
|  94|0x000000072fc00000, 0x000000072fe00000, 0x000000072fe00000|100%| O|  |TAMS 0x000000072fe00000| PB 0x000000072fe00000| Untracked 
|  95|0x000000072fe00000, 0x0000000730000000, 0x0000000730000000|100%| O|  |TAMS 0x0000000730000000| PB 0x0000000730000000| Untracked 
|  96|0x0000000730000000, 0x0000000730200000, 0x0000000730200000|100%| O|  |TAMS 0x0000000730200000| PB 0x0000000730200000| Untracked 
|  97|0x0000000730200000, 0x0000000730400000, 0x0000000730400000|100%| O|  |TAMS 0x0000000730400000| PB 0x0000000730400000| Untracked 
|  98|0x0000000730400000, 0x0000000730600000, 0x0000000730600000|100%| O|  |TAMS 0x0000000730600000| PB 0x0000000730600000| Untracked 
|  99|0x0000000730600000, 0x0000000730800000, 0x0000000730800000|100%| O|  |TAMS 0x0000000730800000| PB 0x0000000730800000| Untracked 
| 100|0x0000000730800000, 0x0000000730a00000, 0x0000000730a00000|100%| O|  |TAMS 0x0000000730a00000| PB 0x0000000730a00000| Untracked 
| 101|0x0000000730a00000, 0x0000000730c00000, 0x0000000730c00000|100%| O|  |TAMS 0x0000000730c00000| PB 0x0000000730c00000| Untracked 
| 102|0x0000000730c00000, 0x0000000730e00000, 0x0000000730e00000|100%| O|  |TAMS 0x0000000730e00000| PB 0x0000000730e00000| Untracked 
| 103|0x0000000730e00000, 0x0000000731000000, 0x0000000731000000|100%| O|  |TAMS 0x0000000730e00000| PB 0x0000000730e00000| Untracked 
| 104|0x0000000731000000, 0x0000000731200000, 0x0000000731200000|100%| O|  |TAMS 0x0000000731000000| PB 0x0000000731000000| Untracked 
| 105|0x0000000731200000, 0x0000000731400000, 0x0000000731400000|100%| O|  |TAMS 0x0000000731200000| PB 0x0000000731200000| Untracked 
| 106|0x0000000731400000, 0x0000000731600000, 0x0000000731600000|100%| O|  |TAMS 0x0000000731400000| PB 0x0000000731400000| Untracked 
| 107|0x0000000731600000, 0x0000000731600000, 0x0000000731800000|  0%| F|  |TAMS 0x0000000731600000| PB 0x0000000731600000| Untracked 
| 108|0x0000000731800000, 0x0000000731800000, 0x0000000731a00000|  0%| F|  |TAMS 0x0000000731800000| PB 0x0000000731800000| Untracked 
| 109|0x0000000731a00000, 0x0000000731c00000, 0x0000000731c00000|100%| O|  |TAMS 0x0000000731c00000| PB 0x0000000731c00000| Updating 
| 110|0x0000000731c00000, 0x0000000731e00000, 0x0000000731e00000|100%| O|  |TAMS 0x0000000731d0f200| PB 0x0000000731d0f200| Updating 
| 111|0x0000000731e00000, 0x0000000731e00000, 0x0000000732000000|  0%| F|  |TAMS 0x0000000731e00000| PB 0x0000000731e00000| Untracked 
| 112|0x0000000732000000, 0x0000000732000000, 0x0000000732200000|  0%| F|  |TAMS 0x0000000732000000| PB 0x0000000732000000| Untracked 
| 113|0x0000000732200000, 0x0000000732200000, 0x0000000732400000|  0%| F|  |TAMS 0x0000000732200000| PB 0x0000000732200000| Untracked 
| 114|0x0000000732400000, 0x0000000732400000, 0x0000000732600000|  0%| F|  |TAMS 0x0000000732400000| PB 0x0000000732400000| Untracked 
| 115|0x0000000732600000, 0x0000000732600000, 0x0000000732800000|  0%| F|  |TAMS 0x0000000732600000| PB 0x0000000732600000| Untracked 
| 116|0x0000000732800000, 0x0000000732800000, 0x0000000732a00000|  0%| F|  |TAMS 0x0000000732800000| PB 0x0000000732800000| Untracked 
| 117|0x0000000732a00000, 0x0000000732a00000, 0x0000000732c00000|  0%| F|  |TAMS 0x0000000732a00000| PB 0x0000000732a00000| Untracked 
| 118|0x0000000732c00000, 0x0000000732c00000, 0x0000000732e00000|  0%| F|  |TAMS 0x0000000732c00000| PB 0x0000000732c00000| Untracked 
| 119|0x0000000732e00000, 0x0000000732e00000, 0x0000000733000000|  0%| F|  |TAMS 0x0000000732e00000| PB 0x0000000732e00000| Untracked 
| 120|0x0000000733000000, 0x0000000733000000, 0x0000000733200000|  0%| F|  |TAMS 0x0000000733000000| PB 0x0000000733000000| Untracked 
| 121|0x0000000733200000, 0x0000000733200000, 0x0000000733400000|  0%| F|  |TAMS 0x0000000733200000| PB 0x0000000733200000| Untracked 
| 122|0x0000000733400000, 0x0000000733554820, 0x0000000733600000| 66%| S|CS|TAMS 0x0000000733400000| PB 0x0000000733400000| Complete 
| 123|0x0000000733600000, 0x0000000733800000, 0x0000000733800000|100%| S|CS|TAMS 0x0000000733600000| PB 0x0000000733600000| Complete 
| 124|0x0000000733800000, 0x0000000733a00000, 0x0000000733a00000|100%| S|CS|TAMS 0x0000000733800000| PB 0x0000000733800000| Complete 
| 125|0x0000000733a00000, 0x0000000733a00000, 0x0000000733c00000|  0%| F|  |TAMS 0x0000000733a00000| PB 0x0000000733a00000| Untracked 
| 126|0x0000000733c00000, 0x0000000733c00000, 0x0000000733e00000|  0%| F|  |TAMS 0x0000000733c00000| PB 0x0000000733c00000| Untracked 
| 127|0x0000000733e00000, 0x0000000733e00000, 0x0000000734000000|  0%| F|  |TAMS 0x0000000733e00000| PB 0x0000000733e00000| Untracked 
| 128|0x0000000734000000, 0x0000000734000000, 0x0000000734200000|  0%| F|  |TAMS 0x0000000734000000| PB 0x0000000734000000| Untracked 
| 129|0x0000000734200000, 0x0000000734200000, 0x0000000734400000|  0%| F|  |TAMS 0x0000000734200000| PB 0x0000000734200000| Untracked 
| 130|0x0000000734400000, 0x0000000734400000, 0x0000000734600000|  0%| F|  |TAMS 0x0000000734400000| PB 0x0000000734400000| Untracked 
| 131|0x0000000734600000, 0x0000000734600000, 0x0000000734800000|  0%| F|  |TAMS 0x0000000734600000| PB 0x0000000734600000| Untracked 
| 132|0x0000000734800000, 0x0000000734800000, 0x0000000734a00000|  0%| F|  |TAMS 0x0000000734800000| PB 0x0000000734800000| Untracked 
| 133|0x0000000734a00000, 0x0000000734a00000, 0x0000000734c00000|  0%| F|  |TAMS 0x0000000734a00000| PB 0x0000000734a00000| Untracked 
| 134|0x0000000734c00000, 0x0000000734c00000, 0x0000000734e00000|  0%| F|  |TAMS 0x0000000734c00000| PB 0x0000000734c00000| Untracked 
| 135|0x0000000734e00000, 0x0000000734e00000, 0x0000000735000000|  0%| F|  |TAMS 0x0000000734e00000| PB 0x0000000734e00000| Untracked 
| 136|0x0000000735000000, 0x0000000735000000, 0x0000000735200000|  0%| F|  |TAMS 0x0000000735000000| PB 0x0000000735000000| Untracked 
| 137|0x0000000735200000, 0x0000000735200000, 0x0000000735400000|  0%| F|  |TAMS 0x0000000735200000| PB 0x0000000735200000| Untracked 
| 138|0x0000000735400000, 0x0000000735400000, 0x0000000735600000|  0%| F|  |TAMS 0x0000000735400000| PB 0x0000000735400000| Untracked 
| 139|0x0000000735600000, 0x0000000735600000, 0x0000000735800000|  0%| F|  |TAMS 0x0000000735600000| PB 0x0000000735600000| Untracked 
| 140|0x0000000735800000, 0x0000000735800000, 0x0000000735a00000|  0%| F|  |TAMS 0x0000000735800000| PB 0x0000000735800000| Untracked 
| 141|0x0000000735a00000, 0x0000000735a00000, 0x0000000735c00000|  0%| F|  |TAMS 0x0000000735a00000| PB 0x0000000735a00000| Untracked 
| 142|0x0000000735c00000, 0x0000000735c00000, 0x0000000735e00000|  0%| F|  |TAMS 0x0000000735c00000| PB 0x0000000735c00000| Untracked 
| 143|0x0000000735e00000, 0x0000000735e00000, 0x0000000736000000|  0%| F|  |TAMS 0x0000000735e00000| PB 0x0000000735e00000| Untracked 
| 144|0x0000000736000000, 0x0000000736000000, 0x0000000736200000|  0%| F|  |TAMS 0x0000000736000000| PB 0x0000000736000000| Untracked 
| 145|0x0000000736200000, 0x0000000736200000, 0x0000000736400000|  0%| F|  |TAMS 0x0000000736200000| PB 0x0000000736200000| Untracked 
| 146|0x0000000736400000, 0x0000000736400000, 0x0000000736600000|  0%| F|  |TAMS 0x0000000736400000| PB 0x0000000736400000| Untracked 
| 147|0x0000000736600000, 0x0000000736600000, 0x0000000736800000|  0%| F|  |TAMS 0x0000000736600000| PB 0x0000000736600000| Untracked 
| 148|0x0000000736800000, 0x0000000736900000, 0x0000000736a00000| 50%| E|  |TAMS 0x0000000736800000| PB 0x0000000736800000| Complete 
| 149|0x0000000736a00000, 0x0000000736c00000, 0x0000000736c00000|100%| E|CS|TAMS 0x0000000736a00000| PB 0x0000000736a00000| Complete 
| 150|0x0000000736c00000, 0x0000000736e00000, 0x0000000736e00000|100%| E|CS|TAMS 0x0000000736c00000| PB 0x0000000736c00000| Complete 
| 151|0x0000000736e00000, 0x0000000737000000, 0x0000000737000000|100%| E|CS|TAMS 0x0000000736e00000| PB 0x0000000736e00000| Complete 
|1758|0x00000007ffc00000, 0x00000007ffe00000, 0x00000007ffe00000|100%| O|  |TAMS 0x00000007ffe00000| PB 0x00000007ffe00000| Untracked 
|1759|0x00000007ffe00000, 0x0000000800000000, 0x0000000800000000|100%| O|  |TAMS 0x0000000800000000| PB 0x0000000800000000| Untracked 

Card table byte_map: [0x0000021faddc0000,0x0000021fae4a0000] _byte_map_base: 0x0000021faa4a0000

Marking Bits: (CMBitMap*) 0x0000021f9ad67010
 Bits: [0x0000021fae4a0000, 0x0000021fb1ba0000)

Polling page: 0x0000021f9a2d0000

Metaspace:

Usage:
  Non-class:     75.16 MB used.
      Class:      8.40 MB used.
       Both:     83.56 MB used.

Virtual space:
  Non-class space:      128.00 MB reserved,      75.38 MB ( 59%) committed,  2 nodes.
      Class space:        1.00 GB reserved,       8.56 MB ( <1%) committed,  1 nodes.
             Both:        1.12 GB reserved,      83.94 MB (  7%) committed. 

Chunk freelists:
   Non-Class:  4.64 MB
       Class:  7.42 MB
        Both:  12.06 MB

MaxMetaspaceSize: unlimited
CompressedClassSpaceSize: 1.00 GB
Initial GC threshold: 21.00 MB
Current GC threshold: 131.56 MB
CDS: off
 - commit_granule_bytes: 65536.
 - commit_granule_words: 8192.
 - virtual_space_node_default_size: 8388608.
 - enlarge_chunks_in_place: 1.
 - use_allocation_guard: 0.


Internal statistics:

num_allocs_failed_limit: 3.
num_arena_births: 424.
num_arena_deaths: 0.
num_vsnodes_births: 3.
num_vsnodes_deaths: 0.
num_space_committed: 1341.
num_space_uncommitted: 0.
num_chunks_returned_to_freelist: 3.
num_chunks_taken_from_freelist: 3151.
num_chunk_merges: 3.
num_chunk_splits: 2581.
num_chunks_enlarged: 2321.
num_inconsistent_stats: 0.

CodeHeap 'non-profiled nmethods': size=119168Kb used=13526Kb max_used=16725Kb free=105641Kb
 bounds [0x0000021fa5a00000, 0x0000021fa6a60000, 0x0000021face60000]
CodeHeap 'profiled nmethods': size=119104Kb used=55963Kb max_used=64837Kb free=63140Kb
 bounds [0x0000021f9de60000, 0x0000021fa1dc0000, 0x0000021fa52b0000]
CodeHeap 'non-nmethods': size=7488Kb used=3512Kb max_used=3586Kb free=3975Kb
 bounds [0x0000021fa52b0000, 0x0000021fa5640000, 0x0000021fa5a00000]
 total_blobs=15903 nmethods=15086 adapters=713
 compilation: enabled
              stopped_count=0, restarted_count=0
 full_count=0

Compilation events (20 events):
Event: 16.397 Thread 0x0000021fb93357a0 nmethod 21167 0x0000021fa5c1d290 code [0x0000021fa5c1d460, 0x0000021fa5c1d778]
Event: 16.397 Thread 0x0000021fc0209370 nmethod 19864 0x0000021fa5c1aa10 code [0x0000021fa5c1ac60, 0x0000021fa5c1c8c0]
Event: 16.397 Thread 0x0000021fb93357a0 21169       4       kotlin.sequences.TransformingSequence::iterator (12 bytes)
Event: 16.397 Thread 0x0000021fc0209370 19899       4       org.jetbrains.kotlin.platform.TargetPlatform::iterator (10 bytes)
Event: 16.398 Thread 0x0000021fb45ddbc0 nmethod 21191 0x0000021f9e57d410 code [0x0000021f9e57d720, 0x0000021f9e57e878]
Event: 16.398 Thread 0x0000021fc0209370 nmethod 19899 0x0000021fa5c1a610 code [0x0000021fa5c1a7a0, 0x0000021fa5c1a8d8]
Event: 16.398 Thread 0x0000021fc0209370 19874   !   4       java.util.regex.Pattern::matcher (44 bytes)
Event: 16.398 Thread 0x0000021fb93357a0 nmethod 21169 0x0000021fa5c1a190 code [0x0000021fa5c1a320, 0x0000021fa5c1a520]
Event: 16.398 Thread 0x0000021fb93357a0 20758       4       androidx.compose.compiler.plugins.kotlin.ComposeNames::getDEFAULT_PARAMETER (4 bytes)
Event: 16.398 Thread 0x0000021fb93357a0 nmethod 20758 0x0000021fa5c19d90 code [0x0000021fa5c19f20, 0x0000021fa5c19fb0]
Event: 16.398 Thread 0x0000021fb93357a0 20732       4       androidx.compose.compiler.plugins.kotlin.ComposeNames::getCHANGED_PARAMETER (4 bytes)
Event: 16.398 Thread 0x0000021fb93357a0 nmethod 20732 0x0000021fa5c8d490 code [0x0000021fa5c8d620, 0x0000021fa5c8d6b0]
Event: 16.398 Thread 0x0000021fb93357a0 20276       4       org.jetbrains.kotlin.fir.types.CompilerConeAttributes$EnhancedNullability::getKey (4 bytes)
Event: 16.399 Thread 0x0000021fb93357a0 nmethod 20276 0x0000021fa5c8d190 code [0x0000021fa5c8d320, 0x0000021fa5c8d3b0]
Event: 16.399 Thread 0x0000021fb93357a0 20644       4       androidx.compose.compiler.plugins.kotlin.lower.InferenceCallTargetNode::getKind (4 bytes)
Event: 16.399 Thread 0x0000021fb93357a0 nmethod 20644 0x0000021fa5c8ce90 code [0x0000021fa5c8d020, 0x0000021fa5c8d0b0]
Event: 16.399 Thread 0x0000021fb93357a0 21170       4       kotlin.sequences.TransformingSequence$iterator$1::<init> (23 bytes)
Event: 16.400 Thread 0x0000021fb93357a0 nmethod 21170 0x0000021fa5c8c910 code [0x0000021fa5c8caa0, 0x0000021fa5c8cd50]
Event: 16.405 Thread 0x0000021fb90d3fa0 nmethod 19866 0x0000021fa5c8a790 code [0x0000021fa5c8a9c0, 0x0000021fa5c8c260]
Event: 16.407 Thread 0x0000021fc020a370 nmethod 21070 0x0000021fa6332910 code [0x0000021fa6333140, 0x0000021fa6339320]

GC Heap History (20 events):
Event: 8.375 GC heap before
{Heap before GC invocations=22 (full 0):
 garbage-first heap   total 294912K, used 188585K [0x0000000724000000, 0x0000000800000000)
  region size 2048K, 35 young (71680K), 5 survivors (10240K)
 Metaspace       used 63384K, committed 63744K, reserved 1114112K
  class space    used 6855K, committed 6976K, reserved 1048576K
}
Event: 8.380 GC heap after
{Heap after GC invocations=23 (full 0):
 garbage-first heap   total 294912K, used 132330K [0x0000000724000000, 0x0000000800000000)
  region size 2048K, 6 young (12288K), 6 survivors (12288K)
 Metaspace       used 63384K, committed 63744K, reserved 1114112K
  class space    used 6855K, committed 6976K, reserved 1048576K
}
Event: 9.339 GC heap before
{Heap before GC invocations=24 (full 0):
 garbage-first heap   total 294912K, used 249066K [0x0000000724000000, 0x0000000800000000)
  region size 2048K, 63 young (129024K), 6 survivors (12288K)
 Metaspace       used 63763K, committed 64064K, reserved 1114112K
  class space    used 6870K, committed 6976K, reserved 1048576K
}
Event: 9.350 GC heap after
{Heap after GC invocations=25 (full 0):
 garbage-first heap   total 294912K, used 141523K [0x0000000724000000, 0x0000000800000000)
  region size 2048K, 7 young (14336K), 7 survivors (14336K)
 Metaspace       used 63763K, committed 64064K, reserved 1114112K
  class space    used 6870K, committed 6976K, reserved 1048576K
}
Event: 10.168 GC heap before
{Heap before GC invocations=25 (full 0):
 garbage-first heap   total 294912K, used 256211K [0x0000000724000000, 0x0000000800000000)
  region size 2048K, 63 young (129024K), 7 survivors (14336K)
 Metaspace       used 64032K, committed 64384K, reserved 1114112K
  class space    used 6889K, committed 7040K, reserved 1048576K
}
Event: 10.178 GC heap after
{Heap after GC invocations=26 (full 0):
 garbage-first heap   total 294912K, used 145252K [0x0000000724000000, 0x0000000800000000)
  region size 2048K, 3 young (6144K), 3 survivors (6144K)
 Metaspace       used 64032K, committed 64384K, reserved 1114112K
  class space    used 6889K, committed 7040K, reserved 1048576K
}
Event: 11.743 GC heap before
{Heap before GC invocations=26 (full 0):
 garbage-first heap   total 294912K, used 259940K [0x0000000724000000, 0x0000000800000000)
  region size 2048K, 59 young (120832K), 3 survivors (6144K)
 Metaspace       used 67954K, committed 68288K, reserved 1114112K
  class space    used 7176K, committed 7296K, reserved 1048576K
}
Event: 11.751 GC heap after
{Heap after GC invocations=27 (full 0):
 garbage-first heap   total 294912K, used 152369K [0x0000000724000000, 0x0000000800000000)
  region size 2048K, 7 young (14336K), 7 survivors (14336K)
 Metaspace       used 67954K, committed 68288K, reserved 1114112K
  class space    used 7176K, committed 7296K, reserved 1048576K
}
Event: 12.965 GC heap before
{Heap before GC invocations=28 (full 0):
 garbage-first heap   total 294912K, used 260913K [0x0000000724000000, 0x0000000800000000)
  region size 2048K, 60 young (122880K), 7 survivors (14336K)
 Metaspace       used 71473K, committed 71744K, reserved 1114112K
  class space    used 7459K, committed 7552K, reserved 1048576K
}
Event: 12.978 GC heap after
{Heap after GC invocations=29 (full 0):
 garbage-first heap   total 294912K, used 165057K [0x0000000724000000, 0x0000000800000000)
  region size 2048K, 8 young (16384K), 8 survivors (16384K)
 Metaspace       used 71473K, committed 71744K, reserved 1114112K
  class space    used 7459K, committed 7552K, reserved 1048576K
}
Event: 14.181 GC heap before
{Heap before GC invocations=29 (full 0):
 garbage-first heap   total 294912K, used 261313K [0x0000000724000000, 0x0000000800000000)
  region size 2048K, 55 young (112640K), 8 survivors (16384K)
 Metaspace       used 78467K, committed 78784K, reserved 1179648K
  class space    used 7953K, committed 8064K, reserved 1048576K
}
Event: 14.200 GC heap after
{Heap after GC invocations=30 (full 0):
 garbage-first heap   total 296960K, used 180133K [0x0000000724000000, 0x0000000800000000)
  region size 2048K, 7 young (14336K), 7 survivors (14336K)
 Metaspace       used 78467K, committed 78784K, reserved 1179648K
  class space    used 7953K, committed 8064K, reserved 1048576K
}
Event: 14.501 GC heap before
{Heap before GC invocations=30 (full 0):
 garbage-first heap   total 296960K, used 225189K [0x0000000724000000, 0x0000000800000000)
  region size 2048K, 30 young (61440K), 7 survivors (14336K)
 Metaspace       used 80076K, committed 80384K, reserved 1179648K
  class space    used 8081K, committed 8192K, reserved 1048576K
}
Event: 14.511 GC heap after
{Heap after GC invocations=31 (full 0):
 garbage-first heap   total 296960K, used 186890K [0x0000000724000000, 0x0000000800000000)
  region size 2048K, 3 young (6144K), 3 survivors (6144K)
 Metaspace       used 80076K, committed 80384K, reserved 1179648K
  class space    used 8081K, committed 8192K, reserved 1048576K
}
Event: 15.281 GC heap before
{Heap before GC invocations=32 (full 0):
 garbage-first heap   total 315392K, used 268810K [0x0000000724000000, 0x0000000800000000)
  region size 2048K, 43 young (88064K), 3 survivors (6144K)
 Metaspace       used 82060K, committed 82368K, reserved 1179648K
  class space    used 8255K, committed 8384K, reserved 1048576K
}
Event: 15.302 GC heap after
{Heap after GC invocations=33 (full 0):
 garbage-first heap   total 315392K, used 207603K [0x0000000724000000, 0x0000000800000000)
  region size 2048K, 6 young (12288K), 6 survivors (12288K)
 Metaspace       used 82060K, committed 82368K, reserved 1179648K
  class space    used 8255K, committed 8384K, reserved 1048576K
}
Event: 15.798 GC heap before
{Heap before GC invocations=33 (full 0):
 garbage-first heap   total 315392K, used 279283K [0x0000000724000000, 0x0000000800000000)
  region size 2048K, 41 young (83968K), 6 survivors (12288K)
 Metaspace       used 82664K, committed 83008K, reserved 1179648K
  class space    used 8294K, committed 8448K, reserved 1048576K
}
Event: 15.817 GC heap after
{Heap after GC invocations=34 (full 0):
 garbage-first heap   total 315392K, used 226274K [0x0000000724000000, 0x0000000800000000)
  region size 2048K, 6 young (12288K), 6 survivors (12288K)
 Metaspace       used 82664K, committed 83008K, reserved 1179648K
  class space    used 8294K, committed 8448K, reserved 1048576K
}
Event: 16.279 GC heap before
{Heap before GC invocations=34 (full 0):
 garbage-first heap   total 315392K, used 281570K [0x0000000724000000, 0x0000000800000000)
  region size 2048K, 33 young (67584K), 6 survivors (12288K)
 Metaspace       used 83984K, committed 84352K, reserved 1179648K
  class space    used 8411K, committed 8576K, reserved 1048576K
}
Event: 16.287 GC heap after
{Heap after GC invocations=35 (full 0):
 garbage-first heap   total 315392K, used 232695K [0x0000000724000000, 0x0000000800000000)
  region size 2048K, 3 young (6144K), 3 survivors (6144K)
 Metaspace       used 83984K, committed 84352K, reserved 1179648K
  class space    used 8411K, committed 8576K, reserved 1048576K
}

Dll operation events (3 events):
Event: 0.008 Loaded shared library C:\Program Files\Android\Android Studio\jbr\bin\java.dll
Event: 0.013 Loaded shared library C:\Program Files\Android\Android Studio\jbr\bin\zip.dll
Event: 1.192 Loaded shared library C:\Program Files\Android\Android Studio\jbr\bin\verify.dll

Deoptimization events (20 events):
Event: 16.375 Thread 0x0000021f9ad098b0 Uncommon trap: trap_request=0xffffffc6 fr.pc=0x0000021fa69ced2c relative=0x00000000000005ac
Event: 16.375 Thread 0x0000021f9ad098b0 Uncommon trap: reason=bimorphic_or_optimized_type_check action=maybe_recompile pc=0x0000021fa69ced2c method=kotlin.sequences.TransformingSequence$iterator$1.<init>(Lkotlin/sequences/TransformingSequence;)V @ 14 c2
Event: 16.375 Thread 0x0000021f9ad098b0 DEOPT PACKING pc=0x0000021fa69ced2c sp=0x0000006c79afe670
Event: 16.375 Thread 0x0000021f9ad098b0 DEOPT UNPACKING pc=0x0000021fa53046a2 sp=0x0000006c79afe5d0 mode 2
Event: 16.375 Thread 0x0000021f9ad098b0 Uncommon trap: trap_request=0xffffffc6 fr.pc=0x0000021fa69ced2c relative=0x00000000000005ac
Event: 16.375 Thread 0x0000021f9ad098b0 Uncommon trap: reason=bimorphic_or_optimized_type_check action=maybe_recompile pc=0x0000021fa69ced2c method=kotlin.sequences.TransformingSequence$iterator$1.<init>(Lkotlin/sequences/TransformingSequence;)V @ 14 c2
Event: 16.375 Thread 0x0000021f9ad098b0 DEOPT PACKING pc=0x0000021fa69ced2c sp=0x0000006c79afe670
Event: 16.375 Thread 0x0000021f9ad098b0 DEOPT UNPACKING pc=0x0000021fa53046a2 sp=0x0000006c79afe5d0 mode 2
Event: 16.397 Thread 0x0000021f9ad098b0 Uncommon trap: trap_request=0xffffff45 fr.pc=0x0000021fa69588e4 relative=0x00000000000065a4
Event: 16.397 Thread 0x0000021f9ad098b0 Uncommon trap: reason=unstable_if action=reinterpret pc=0x0000021fa69588e4 method=org.jetbrains.org.objectweb.asm.ClassReader.accept(Lorg/jetbrains/org/objectweb/asm/ClassVisitor;[Lorg/jetbrains/org/objectweb/asm/Attribute;I)V @ 662 c2
Event: 16.397 Thread 0x0000021f9ad098b0 DEOPT PACKING pc=0x0000021fa69588e4 sp=0x0000006c79afdb20
Event: 16.397 Thread 0x0000021f9ad098b0 DEOPT UNPACKING pc=0x0000021fa53046a2 sp=0x0000006c79afdb28 mode 2
Event: 16.397 Thread 0x0000021f9ad098b0 Uncommon trap: trap_request=0xffffff45 fr.pc=0x0000021fa671ff90 relative=0x0000000000002770
Event: 16.397 Thread 0x0000021f9ad098b0 Uncommon trap: reason=unstable_if action=reinterpret pc=0x0000021fa671ff90 method=org.jetbrains.kotlin.fir.java.JavaAnnotationsMappingKt.toFirValueParameter(Lorg/jetbrains/kotlin/load/java/structure/JavaValueParameter;Lorg/jetbrains/kotlin/fir/FirSession;
Event: 16.397 Thread 0x0000021f9ad098b0 DEOPT PACKING pc=0x0000021fa671ff90 sp=0x0000006c79afddb0
Event: 16.397 Thread 0x0000021f9ad098b0 DEOPT UNPACKING pc=0x0000021fa53046a2 sp=0x0000006c79afdd58 mode 2
Event: 16.402 Thread 0x0000021f9ad098b0 Uncommon trap: trap_request=0xffffff76 fr.pc=0x0000021fa668fba8 relative=0x0000000000000988
Event: 16.403 Thread 0x0000021f9ad098b0 Uncommon trap: reason=predicate action=maybe_recompile pc=0x0000021fa668fba8 method=kotlin.collections.CollectionsKt___CollectionsKt.toCollection(Ljava/lang/Iterable;Ljava/util/Collection;)Ljava/util/Collection; @ 26 c2
Event: 16.403 Thread 0x0000021f9ad098b0 DEOPT PACKING pc=0x0000021fa668fba8 sp=0x0000006c79afeac0
Event: 16.403 Thread 0x0000021f9ad098b0 DEOPT UNPACKING pc=0x0000021fa53046a2 sp=0x0000006c79afeac0 mode 2

Classes loaded (20 events):
Event: 12.845 Loading class java/util/ServiceLoader$Provider done
Event: 12.845 Loading class java/util/ServiceLoader$ProviderImpl done
Event: 13.999 Loading class java/lang/Short$ShortCache
Event: 14.000 Loading class java/lang/Short$ShortCache done
Event: 14.743 Loading class java/util/Formatter
Event: 14.743 Loading class java/util/Formatter done
Event: 14.744 Loading class java/util/Formatter$FixedString
Event: 14.744 Loading class java/util/Formatter$FormatString
Event: 14.744 Loading class java/util/Formatter$FormatString done
Event: 14.744 Loading class java/util/Formatter$FixedString done
Event: 14.744 Loading class java/util/Formatter$Conversion
Event: 14.744 Loading class java/util/Formatter$Conversion done
Event: 14.744 Loading class java/util/Formatter$FormatSpecifier
Event: 14.744 Loading class java/util/Formatter$FormatSpecifier done
Event: 14.745 Loading class java/util/Formattable
Event: 14.745 Loading class java/util/Formattable done
Event: 14.745 Loading class java/util/Formatter$Flags
Event: 14.745 Loading class java/util/Formatter$Flags done
Event: 16.350 Loading class java/util/Collections$SynchronizedMap
Event: 16.351 Loading class java/util/Collections$SynchronizedMap done

Classes unloaded (0 events):
No events

Classes redefined (0 events):
No events

Internal exceptions (20 events):
Event: 13.231 Thread 0x0000021f9ad098b0 Exception <a 'java/lang/NoSuchMethodError'{0x0000000734f0fc98}: 'java.lang.Object java.lang.invoke.DirectMethodHandle$Holder.invokeSpecial(java.lang.Object, java.lang.Object, java.lang.Object, java.lang.Object, java.lang.Object, java.lang.Object, java.lang.Object, java.lang.Object, int)'> (0x0000000734f0fc98) 
thrown [s\src\hotspot\share\interpreter\linkResolver.cpp, line 784]
Event: 13.551 Thread 0x0000021f9ad098b0 Implicit null exception at 0x0000021fa68488e4 to 0x0000021fa684a724
Event: 13.801 Thread 0x0000021f9ad098b0 Implicit null exception at 0x0000021fa68be55c to 0x0000021fa68bee9c
Event: 13.877 Thread 0x0000021f9ad098b0 Implicit null exception at 0x0000021fa6843158 to 0x0000021fa684392c
Event: 13.878 Thread 0x0000021f9ad098b0 Implicit null exception at 0x0000021fa6841bd8 to 0x0000021fa6841c4d
Event: 14.423 Thread 0x0000021f9ad098b0 Exception <a 'java/lang/NoSuchMethodError'{0x00000007345f9498}: 'java.lang.Object java.lang.invoke.DirectMethodHandle$Holder.invokeStatic(java.lang.Object, java.lang.Object, int, java.lang.Object, java.lang.Object)'> (0x00000007345f9498) 
thrown [s\src\hotspot\share\interpreter\linkResolver.cpp, line 784]
Event: 14.423 Thread 0x0000021f9ad098b0 Exception <a 'java/lang/NoSuchMethodError'{0x0000000734200e68}: 'java.lang.Object java.lang.invoke.DirectMethodHandle$Holder.newInvokeSpecial(java.lang.Object, java.lang.Object, int, java.lang.Object, java.lang.Object)'> (0x0000000734200e68) 
thrown [s\src\hotspot\share\interpreter\linkResolver.cpp, line 784]
Event: 14.423 Thread 0x0000021f9ad098b0 Exception <a 'java/lang/NoSuchMethodError'{0x00000007342053d0}: 'java.lang.Object java.lang.invoke.DirectMethodHandle$Holder.invokeSpecial(java.lang.Object, java.lang.Object, java.lang.Object, int, java.lang.Object, java.lang.Object)'> (0x00000007342053d0) 
thrown [s\src\hotspot\share\interpreter\linkResolver.cpp, line 784]
Event: 14.423 Thread 0x0000021f9ad098b0 Exception <a 'java/lang/NoSuchMethodError'{0x0000000734208ec8}: 'java.lang.Object java.lang.invoke.Invokers$Holder.linkToTargetMethod(java.lang.Object, int, java.lang.Object, java.lang.Object, java.lang.Object)'> (0x0000000734208ec8) 
thrown [s\src\hotspot\share\interpreter\linkResolver.cpp, line 784]
Event: 14.540 Thread 0x0000021f9ad098b0 Implicit null exception at 0x0000021fa683c44f to 0x0000021fa683d550
Event: 14.828 Thread 0x0000021f9ad098b0 Exception <a 'java/lang/NoSuchMethodError'{0x00000007360c73a8}: 'java.lang.Object java.lang.invoke.DirectMethodHandle$Holder.invokeStatic(java.lang.Object, java.lang.Object, java.lang.Object, java.lang.Object, java.lang.Object, java.lang.Object, int, java.lang.Object)'> (0x00000007360c73a8) 
thrown [s\src\hotspot\share\interpreter\linkResolver.cpp, line 784]
Event: 14.829 Thread 0x0000021f9ad098b0 Exception <a 'java/lang/NoSuchMethodError'{0x00000007360d1068}: 'java.lang.Object java.lang.invoke.DirectMethodHandle$Holder.newInvokeSpecial(java.lang.Object, java.lang.Object, java.lang.Object, java.lang.Object, java.lang.Object, java.lang.Object, int)'> (0x00000007360d1068) 
thrown [s\src\hotspot\share\interpreter\linkResolver.cpp, line 784]
Event: 14.830 Thread 0x0000021f9ad098b0 Exception <a 'java/lang/NoSuchMethodError'{0x00000007360d5a20}: 'java.lang.Object java.lang.invoke.DirectMethodHandle$Holder.invokeSpecial(java.lang.Object, java.lang.Object, java.lang.Object, java.lang.Object, java.lang.Object, java.lang.Object, java.lang.Object, int)'> (0x00000007360d5a20) 
thrown [s\src\hotspot\share\interpreter\linkResolver.cpp, line 784]
Event: 14.830 Thread 0x0000021f9ad098b0 Exception <a 'java/lang/NoSuchMethodError'{0x00000007360d9d90}: 'java.lang.Object java.lang.invoke.Invokers$Holder.linkToTargetMethod(java.lang.Object, java.lang.Object, java.lang.Object, java.lang.Object, java.lang.Object, int, java.lang.Object)'> (0x00000007360d9d90) 
thrown [s\src\hotspot\share\interpreter\linkResolver.cpp, line 784]
Event: 15.463 Thread 0x0000021f9ad098b0 Implicit null exception at 0x0000021fa5b60060 to 0x0000021fa5b600f5
Event: 15.867 Thread 0x0000021f9ad098b0 Exception <a 'java/lang/NoSuchMethodError'{0x0000000736cee368}: 'java.lang.Object java.lang.invoke.DirectMethodHandle$Holder.invokeStatic(java.lang.Object, java.lang.Object, java.lang.Object, java.lang.Object, java.lang.Object, int, java.lang.Object, java.lang.Object)'> (0x0000000736cee368) 
thrown [s\src\hotspot\share\interpreter\linkResolver.cpp, line 784]
Event: 16.191 Thread 0x0000021f9ad098b0 Exception <a 'java/lang/NoSuchMethodError'{0x0000000733e3d198}: 'java.lang.Object java.lang.invoke.DirectMethodHandle$Holder.newInvokeSpecial(java.lang.Object, java.lang.Object, int, java.lang.Object)'> (0x0000000733e3d198) 
thrown [s\src\hotspot\share\interpreter\linkResolver.cpp, line 784]
Event: 16.191 Thread 0x0000021f9ad098b0 Exception <a 'java/lang/NoSuchMethodError'{0x0000000733e40ff8}: 'java.lang.Object java.lang.invoke.DirectMethodHandle$Holder.invokeSpecial(java.lang.Object, java.lang.Object, java.lang.Object, int, java.lang.Object)'> (0x0000000733e40ff8) 
thrown [s\src\hotspot\share\interpreter\linkResolver.cpp, line 784]
Event: 16.191 Thread 0x0000021f9ad098b0 Exception <a 'java/lang/NoSuchMethodError'{0x0000000733e44718}: 'java.lang.Object java.lang.invoke.Invokers$Holder.linkToTargetMethod(java.lang.Object, int, java.lang.Object, java.lang.Object)'> (0x0000000733e44718) 
thrown [s\src\hotspot\share\interpreter\linkResolver.cpp, line 784]
Event: 16.391 Thread 0x0000021f9ad098b0 Exception <a 'java/lang/NoSuchMethodError'{0x0000000736b4f248}: 'java.lang.Object java.lang.invoke.DirectMethodHandle$Holder.newInvokeSpecial(java.lang.Object, int, java.lang.Object, int)'> (0x0000000736b4f248) 
thrown [s\src\hotspot\share\interpreter\linkResolver.cpp, line 784]

ZGC Phase Switch (0 events):
No events

VM Operations (20 events):
Event: 15.302 Executing VM operation: G1CollectForAllocation (G1 Evacuation Pause) done
Event: 15.471 Executing VM operation: ICBufferFull
Event: 15.472 Executing VM operation: ICBufferFull done
Event: 15.530 Executing VM operation: ICBufferFull
Event: 15.531 Executing VM operation: ICBufferFull done
Event: 15.625 Executing VM operation: ICBufferFull
Event: 15.625 Executing VM operation: ICBufferFull done
Event: 15.798 Executing VM operation: G1CollectForAllocation (G1 Evacuation Pause)
Event: 15.817 Executing VM operation: G1CollectForAllocation (G1 Evacuation Pause) done
Event: 15.941 Executing VM operation: ICBufferFull
Event: 15.941 Executing VM operation: ICBufferFull done
Event: 16.136 Executing VM operation: ICBufferFull
Event: 16.136 Executing VM operation: ICBufferFull done
Event: 16.269 Executing VM operation: HandshakeAllThreads (Deoptimize)
Event: 16.269 Executing VM operation: HandshakeAllThreads (Deoptimize) done
Event: 16.279 Executing VM operation: G1CollectForAllocation (G1 Evacuation Pause)
Event: 16.287 Executing VM operation: G1CollectForAllocation (G1 Evacuation Pause) done
Event: 16.340 Executing VM operation: HandshakeAllThreads (Deoptimize)
Event: 16.340 Executing VM operation: HandshakeAllThreads (Deoptimize) done
Event: 16.411 Executing VM operation: G1PauseRemark

Memory protections (0 events):
No events

Nmethod flushes (20 events):
Event: 16.422 Thread 0x0000021fb46178e0 flushing  nmethod 0x0000021fa1865b10
Event: 16.422 Thread 0x0000021fb46178e0 flushing  nmethod 0x0000021fa1867e10
Event: 16.422 Thread 0x0000021fb46178e0 flushing  nmethod 0x0000021fa1868c90
Event: 16.422 Thread 0x0000021fb46178e0 flushing  nmethod 0x0000021fa1869690
Event: 16.422 Thread 0x0000021fb46178e0 flushing  nmethod 0x0000021fa186a610
Event: 16.422 Thread 0x0000021fb46178e0 flushing  nmethod 0x0000021fa186ab10
Event: 16.422 Thread 0x0000021fb46178e0 flushing  nmethod 0x0000021fa186c290
Event: 16.422 Thread 0x0000021fb46178e0 flushing  nmethod 0x0000021fa186c710
Event: 16.422 Thread 0x0000021fb46178e0 flushing  nmethod 0x0000021fa1871590
Event: 16.422 Thread 0x0000021fb46178e0 flushing  nmethod 0x0000021fa1873210
Event: 16.422 Thread 0x0000021fb46178e0 flushing  nmethod 0x0000021fa18ea910
Event: 16.422 Thread 0x0000021fb46178e0 flushing  nmethod 0x0000021fa18ebc90
Event: 16.422 Thread 0x0000021fb46178e0 flushing  nmethod 0x0000021fa18efc10
Event: 16.422 Thread 0x0000021fb46178e0 flushing  nmethod 0x0000021fa18f3390
Event: 16.422 Thread 0x0000021fb46178e0 flushing  nmethod 0x0000021fa18fa590
Event: 16.422 Thread 0x0000021fb46178e0 flushing  nmethod 0x0000021fa18fb610
Event: 16.422 Thread 0x0000021fb46178e0 flushing  nmethod 0x0000021fa1c1d910
Event: 16.422 Thread 0x0000021fb46178e0 flushing  nmethod 0x0000021fa1c1e410
Event: 16.422 Thread 0x0000021fb46178e0 flushing  nmethod 0x0000021fa1c20110
Event: 16.422 Thread 0x0000021fb46178e0 flushing  nmethod 0x0000021fa1c22010

Events (20 events):
Event: 0.123 Loaded shared library C:\Program Files\Android\Android Studio\jbr\bin\nio.dll
Event: 0.137 Thread 0x0000021fb90d3fa0 Thread added: 0x0000021fb93357a0
Event: 0.137 Thread 0x0000021fb90d3fa0 Thread added: 0x0000021fb9335e40
Event: 0.146 Loaded shared library C:\Program Files\Android\Android Studio\jbr\bin\zip.dll
Event: 0.174 Loaded shared library C:\Program Files\Android\Android Studio\jbr\bin\jimage.dll
Event: 0.282 Thread 0x0000021fb45ddbc0 Thread added: 0x0000021fb95741b0
Event: 0.418 Thread 0x0000021fb45ddbc0 Thread added: 0x0000021fb98b6560
Event: 0.939 Thread 0x0000021fb9335e40 Thread exited: 0x0000021fb9335e40
Event: 1.275 Thread 0x0000021fb90d3fa0 Thread added: 0x0000021fba68f710
Event: 1.275 Thread 0x0000021fb90d3fa0 Thread added: 0x0000021fba700220
Event: 1.627 Thread 0x0000021fba700220 Thread added: 0x0000021fba3f92c0
Event: 1.885 Thread 0x0000021fba3f92c0 Thread exited: 0x0000021fba3f92c0
Event: 1.889 Thread 0x0000021fba700220 Thread exited: 0x0000021fba700220
Event: 1.890 Thread 0x0000021fba68f710 Thread exited: 0x0000021fba68f710
Event: 2.409 Thread 0x0000021fb45ddbc0 Thread added: 0x0000021fc0209370
Event: 2.411 Thread 0x0000021fb90eca40 Thread added: 0x0000021fc020a370
Event: 2.420 Thread 0x0000021fb45ddbc0 Thread added: 0x0000021fc0a0c500
Event: 2.422 Thread 0x0000021fb45ddbc0 Thread added: 0x0000021fc09a7c90
Event: 13.004 Thread 0x0000021fc09a7c90 Thread exited: 0x0000021fc09a7c90
Event: 13.249 Thread 0x0000021fc0a0c500 Thread exited: 0x0000021fc0a0c500


Dynamic libraries:
0x00007ff667fc0000 - 0x00007ff667fca000 	C:\Program Files\Android\Android Studio\jbr\bin\java.exe
0x00007ff9d3ac0000 - 0x00007ff9d3d28000 	C:\WINDOWS\SYSTEM32\ntdll.dll
0x00007ff9d3310000 - 0x00007ff9d33d9000 	C:\WINDOWS\System32\KERNEL32.DLL
0x00007ff9d0f10000 - 0x00007ff9d1302000 	C:\WINDOWS\System32\KERNELBASE.dll
0x00007ff9d0dc0000 - 0x00007ff9d0f0b000 	C:\WINDOWS\System32\ucrtbase.dll
0x00007ff9bc890000 - 0x00007ff9bc8ab000 	C:\Program Files\Android\Android Studio\jbr\bin\VCRUNTIME140.dll
0x00007ff9cb410000 - 0x00007ff9cb428000 	C:\Program Files\Android\Android Studio\jbr\bin\jli.dll
0x00007ff9d35e0000 - 0x00007ff9d37a5000 	C:\WINDOWS\System32\USER32.dll
0x00007ff9c0a70000 - 0x00007ff9c0d03000 	C:\WINDOWS\WinSxS\amd64_microsoft.windows.common-controls_6595b64144ccf1df_6.0.26100.6899_none_3e0efeeae32e88c1\COMCTL32.dll
0x00007ff9d13b0000 - 0x00007ff9d13d7000 	C:\WINDOWS\System32\win32u.dll
0x00007ff9d34a0000 - 0x00007ff9d34cb000 	C:\WINDOWS\System32\GDI32.dll
0x00007ff9d37b0000 - 0x00007ff9d3859000 	C:\WINDOWS\System32\msvcrt.dll
0x00007ff9d1490000 - 0x00007ff9d15bd000 	C:\WINDOWS\System32\gdi32full.dll
0x00007ff9d13e0000 - 0x00007ff9d1483000 	C:\WINDOWS\System32\msvcp_win.dll
0x00007ff9d3170000 - 0x00007ff9d319f000 	C:\WINDOWS\System32\IMM32.DLL
0x00007ff9bc880000 - 0x00007ff9bc88c000 	C:\Program Files\Android\Android Studio\jbr\bin\vcruntime140_1.dll
0x00007ff9bb660000 - 0x00007ff9bb6ed000 	C:\Program Files\Android\Android Studio\jbr\bin\msvcp140.dll
0x00007ff934340000 - 0x00007ff934fcb000 	C:\Program Files\Android\Android Studio\jbr\bin\server\jvm.dll
0x00007ff9d29c0000 - 0x00007ff9d2a74000 	C:\WINDOWS\System32\ADVAPI32.dll
0x00007ff9d2800000 - 0x00007ff9d28a6000 	C:\WINDOWS\System32\sechost.dll
0x00007ff9d1890000 - 0x00007ff9d19a8000 	C:\WINDOWS\System32\RPCRT4.dll
0x00007ff9d2940000 - 0x00007ff9d29b4000 	C:\WINDOWS\System32\WS2_32.dll
0x00007ff9d0ad0000 - 0x00007ff9d0b2e000 	C:\WINDOWS\SYSTEM32\POWRPROF.dll
0x00007ff9c50e0000 - 0x00007ff9c5115000 	C:\WINDOWS\SYSTEM32\WINMM.dll
0x00007ff9ca0f0000 - 0x00007ff9ca0fb000 	C:\WINDOWS\SYSTEM32\VERSION.dll
0x00007ff9d0ab0000 - 0x00007ff9d0ac4000 	C:\WINDOWS\SYSTEM32\UMPDC.dll
0x00007ff9cfa20000 - 0x00007ff9cfa3b000 	C:\WINDOWS\SYSTEM32\kernel.appcore.dll
0x00007ff9bc870000 - 0x00007ff9bc87a000 	C:\Program Files\Android\Android Studio\jbr\bin\jimage.dll
0x00007ff9ce050000 - 0x00007ff9ce292000 	C:\WINDOWS\SYSTEM32\DBGHELP.DLL
0x00007ff9d1d00000 - 0x00007ff9d207b000 	C:\WINDOWS\System32\combase.dll
0x00007ff9d31b0000 - 0x00007ff9d3287000 	C:\WINDOWS\System32\OLEAUT32.dll
0x00007ff9ba550000 - 0x00007ff9ba58c000 	C:\WINDOWS\SYSTEM32\dbgcore.DLL
0x00007ff9d1310000 - 0x00007ff9d13a8000 	C:\WINDOWS\System32\bcryptPrimitives.dll
0x00007ff9bc850000 - 0x00007ff9bc870000 	C:\Program Files\Android\Android Studio\jbr\bin\java.dll
0x00007ff9bc830000 - 0x00007ff9bc848000 	C:\Program Files\Android\Android Studio\jbr\bin\zip.dll
0x00007ff9d20b0000 - 0x00007ff9d27fd000 	C:\WINDOWS\System32\SHELL32.dll
0x00007ff9d0c50000 - 0x00007ff9d0dbb000 	C:\WINDOWS\System32\wintypes.dll
0x00007ff9ce8e0000 - 0x00007ff9cf13d000 	C:\WINDOWS\SYSTEM32\windows.storage.dll
0x00007ff9d34d0000 - 0x00007ff9d35c2000 	C:\WINDOWS\System32\SHCORE.dll
0x00007ff9d1c90000 - 0x00007ff9d1cf2000 	C:\WINDOWS\System32\shlwapi.dll
0x00007ff9d0b70000 - 0x00007ff9d0b99000 	C:\WINDOWS\SYSTEM32\profapi.dll
0x00007ff9bc820000 - 0x00007ff9bc830000 	C:\Program Files\Android\Android Studio\jbr\bin\net.dll
0x00007ff9c5c80000 - 0x00007ff9c5d9f000 	C:\WINDOWS\SYSTEM32\WINHTTP.dll
0x00007ff9cff90000 - 0x00007ff9cfffb000 	C:\WINDOWS\system32\mswsock.dll
0x00007ff9bc800000 - 0x00007ff9bc816000 	C:\Program Files\Android\Android Studio\jbr\bin\nio.dll
0x00007ff9b0730000 - 0x00007ff9b0740000 	C:\Program Files\Android\Android Studio\jbr\bin\verify.dll

dbghelp: loaded successfully - version: 4.0.5 - missing functions: none
symbol engine: initialized successfully - sym options: 0x614 - pdb path: .;C:\Program Files\Android\Android Studio\jbr\bin;C:\WINDOWS\SYSTEM32;C:\WINDOWS\WinSxS\amd64_microsoft.windows.common-controls_6595b64144ccf1df_6.0.26100.6899_none_3e0efeeae32e88c1;C:\Program Files\Android\Android Studio\jbr\bin\server

VM Arguments:
java_command: org.jetbrains.kotlin.cli.jvm.K2JVMCompiler @D:\KELAS-XI\Tugas Video\PROJECT PELATIHAN JETPACK COMPOSE\Aplikasi Monitoring Kelas\AplikasiMonitoringKelasFe\app\build\20251112_2455447652109021329.compiler.options
java_class_path (initial): C:\Users\Haqii\.gradle\caches\modules-2\files-2.1\org.jetbrains.kotlin\kotlin-compiler-embeddable\2.0.21\79346ed53db48b18312a472602eb5c057070c54d\kotlin-compiler-embeddable-2.0.21.jar;C:\Users\Haqii\.gradle\caches\modules-2\files-2.1\org.jetbrains.kotlin\kotlin-stdlib\2.0.21\618b539767b4899b4660a83006e052b63f1db551\kotlin-stdlib-2.0.21.jar;C:\Users\Haqii\.gradle\caches\modules-2\files-2.1\org.jetbrains.kotlin\kotlin-script-runtime\2.0.21\c9b044380ad41f89aa89aa896c2d32a8c0b2129d\kotlin-script-runtime-2.0.21.jar;C:\Users\Haqii\.gradle\caches\modules-2\files-2.1\org.jetbrains.kotlin\kotlin-reflect\1.6.10\1cbe9c92c12a94eea200d23c2bbaedaf3daf5132\kotlin-reflect-1.6.10.jar;C:\Users\Haqii\.gradle\caches\modules-2\files-2.1\org.jetbrains.kotlin\kotlin-daemon-embeddable\2.0.21\c9e933b23287de9b5a17e2116b4657bb91aea72c\kotlin-daemon-embeddable-2.0.21.jar;C:\Users\Haqii\.gradle\caches\modules-2\files-2.1\org.jetbrains.intellij.deps\trove4j\1.0.20200330\3afb14d5f9ceb459d724e907a21145e8ff394f02\trove4j-1.0.20200330.jar;C:\Users\Haqii\.gradle\caches\modules-2\files-2.1\org.jetbrains.kotlinx\kotlinx-coroutines-core-jvm\1.6.4\2c997cd1c0ef33f3e751d3831929aeff1390cb30\kotlinx-coroutines-core-jvm-1.6.4.jar;C:\Users\Haqii\.gradle\caches\modules-2\files-2.1\org.jetbrains\annotations\13.0\919f0dfe192fb4e063e7dacadee7f8bb9a2672a9\annotations-13.0.jar
Launcher Type: SUN_STANDARD

[Global flags]
     intx CICompilerCount                          = 12                                        {product} {ergonomic}
     uint ConcGCThreads                            = 3                                         {product} {ergonomic}
     uint G1ConcRefinementThreads                  = 13                                        {product} {ergonomic}
   size_t G1HeapRegionSize                         = 2097152                                   {product} {ergonomic}
    uintx GCDrainStackTargetSize                   = 64                                        {product} {ergonomic}
   size_t InitialHeapSize                          = 230686720                                 {product} {ergonomic}
   size_t MarkStackSize                            = 4194304                                   {product} {ergonomic}
   size_t MaxHeapSize                              = 3690987520                                {product} {ergonomic}
   size_t MaxNewSize                               = 2214592512                                {product} {ergonomic}
   size_t MinHeapDeltaBytes                        = 2097152                                   {product} {ergonomic}
   size_t MinHeapSize                              = 8388608                                   {product} {ergonomic}
    uintx NonNMethodCodeHeapSize                   = 7602480                                {pd product} {ergonomic}
    uintx NonProfiledCodeHeapSize                  = 122027880                              {pd product} {ergonomic}
    uintx ProfiledCodeHeapSize                     = 122027880                              {pd product} {ergonomic}
    uintx ReservedCodeCacheSize                    = 251658240                              {pd product} {ergonomic}
     bool SegmentedCodeCache                       = true                                      {product} {ergonomic}
   size_t SoftMaxHeapSize                          = 3690987520                             {manageable} {ergonomic}
     bool UseCompressedOops                        = true                           {product lp64_product} {ergonomic}
     bool UseG1GC                                  = true                                      {product} {ergonomic}
     bool UseLargePagesIndividualAllocation        = false                                  {pd product} {ergonomic}

Logging:
Log output configuration:
 #0: stdout all=warning uptime,level,tags foldmultilines=false
 #1: stderr all=off uptime,level,tags foldmultilines=false

Environment Variables:
PATH=C:\Program Files\Common Files\Oracle\Java\javapath;C:\Program Files (x86)\Common Files\Oracle\Java\java8path;C:\Program Files (x86)\Common Files\Oracle\Java\javapath;C:\WINDOWS\system32;C:\WINDOWS;C:\WINDOWS\System32\Wbem;C:\WINDOWS\System32\WindowsPowerShell\v1.0\;C:\WINDOWS\System32\OpenSSH\;C:\xampp\php;C:\ProgramData\ComposerSetup\bin;C:\Program Files\Git\cmd;C:\Program Files\dotnet\;C:\ProgramData\chocolatey\bin;C:\Program Files\Neovim\bin;C:\Program Files\nodejs\;C:\Program Files\Common Files\Oracle\Java\javapath;C:\Windows\system32;C:\Windows;C:\Windows\System32\Wbem;C:\Windows\System32\WindowsPowerShell\v1.0\;C:\Windows\System32\OpenSSH\;C:\xampp\php;C:\ProgramData\ComposerSetup\bin;C:\Program Files\nodejs\;C:\Program Files\Git\cmd;C:\Program Files\dotnet\;C:\ProgramData\chocolatey\bin;c:\Users\Haqii\AppData\Local\Programs\cursor\resources\app\codeBin;C:\Users\Haqii\AppData\Local\Programs\Python\Launcher\;C:\Users\Haqii\AppData\Local\Microsoft\WindowsApps;C:\Users\Haqii\AppData\Local\Programs\Microsoft VS Code\bin;C:\Users\Haqii\AppData\Roaming\Composer\vendor\bin;C:\msys64\ucrt64\bin;C:\Users\Haqii\AppData\Local\spicetify;C:\Users\Haqii\.deno\bin;C:\Android\cmdline-tools\latest\bin;C:\Android\platform-tools;C:\Android\emulator;C:\Users\Haqii\AppData\Roaming\npm;C:\Users\Haqii\AppData\Local\Microsoft\WindowsApps
USERNAME=Haqii
OS=Windows_NT
PROCESSOR_IDENTIFIER=AMD64 Family 25 Model 68 Stepping 1, AuthenticAMD
TMP=C:\Users\Haqii\AppData\Local\Temp
TEMP=C:\Users\Haqii\AppData\Local\Temp




Periodic native trim disabled

JNI global refs:
JNI global refs: 19, weak refs: 0

JNI global refs memory usage: 835, weak refs: 833

Process memory usage:
Resident Set Size: 654788K (4% of 14415488K total physical memory with 935436K free physical memory)

OOME stack traces (most recent first):
Classloader memory used:
Loader jdk.internal.loader.ClassLoaders$AppClassLoader                                 : 71273K
Loader bootstrap                                                                       : 11398K
Loader java.net.URLClassLoader                                                         : 2896K

---------------  S Y S T E M  ---------------

OS:
 Windows 11 , 64 bit Build 26100 (10.0.26100.6725)
OS uptime: 0 days 0:32 hours

CPU: total 16 (initial active 16) (16 cores per cpu, 2 threads per core) family 25 model 68 stepping 1 microcode 0xa404102, cx8, cmov, fxsr, ht, mmx, 3dnowpref, sse, sse2, sse3, ssse3, sse4a, sse4.1, sse4.2, popcnt, lzcnt, tsc, tscinvbit, avx, avx2, aes, erms, clmul, bmi1, bmi2, adx, sha, fma, vzeroupper, clflush, clflushopt, rdtscp, rdpid, fsrm, f16c, pku, cet_ss
Processor Information for processor 0
  Max Mhz: 3201, Current Mhz: 1804, Mhz Limit: 3201
Processor Information for processor 1
  Max Mhz: 3201, Current Mhz: 1804, Mhz Limit: 3201
Processor Information for processor 2
  Max Mhz: 3201, Current Mhz: 1804, Mhz Limit: 3201
Processor Information for processor 3
  Max Mhz: 3201, Current Mhz: 1804, Mhz Limit: 3201
Processor Information for processor 4
  Max Mhz: 3201, Current Mhz: 1804, Mhz Limit: 3201
Processor Information for processor 5
  Max Mhz: 3201, Current Mhz: 1804, Mhz Limit: 3201
Processor Information for processor 6
  Max Mhz: 3201, Current Mhz: 1804, Mhz Limit: 3201
Processor Information for processor 7
  Max Mhz: 3201, Current Mhz: 3201, Mhz Limit: 3201
Processor Information for processor 8
  Max Mhz: 3201, Current Mhz: 1804, Mhz Limit: 3201
Processor Information for processor 9
  Max Mhz: 3201, Current Mhz: 1804, Mhz Limit: 3201
Processor Information for processor 10
  Max Mhz: 3201, Current Mhz: 1804, Mhz Limit: 3201
Processor Information for processor 11
  Max Mhz: 3201, Current Mhz: 3201, Mhz Limit: 3201
Processor Information for processor 12
  Max Mhz: 3201, Current Mhz: 1804, Mhz Limit: 3201
Processor Information for processor 13
  Max Mhz: 3201, Current Mhz: 1804, Mhz Limit: 3201
Processor Information for processor 14
  Max Mhz: 3201, Current Mhz: 1804, Mhz Limit: 3201
Processor Information for processor 15
  Max Mhz: 3201, Current Mhz: 1804, Mhz Limit: 3201

Memory: 4k page, system-wide physical 14077M (913M free)
TotalPageFile size 27389M (AvailPageFile size 138M)
current process WorkingSet (physical memory assigned to process): 639M, peak: 684M
current process commit charge ("private bytes"): 675M, peak: 741M

vm_info: OpenJDK 64-Bit Server VM (21.0.6+-13391695-b895.109) for windows-amd64 JRE (21.0.6+-13391695-b895.109), built on 2025-04-22T21:19:17Z by "builder" with MS VC++ 16.10 / 16.11 (VS2019)

END.
